2022-08-06 22:04:06,815 - [DEBUG] - api_logger - (views.py).api_posts_all(23) - пїЅпїЅпїЅпїЅпїЅпїЅпїЅпїЅпїЅ пїЅпїЅпїЅ пїЅпїЅпїЅпїЅпїЅ)
2022-08-06 22:05:17,811 - [DEBUG] - api_logger - (views.py).api_posts_all(23) - пїЅпїЅпїЅпїЅпїЅпїЅпїЅпїЅпїЅ пїЅпїЅпїЅ пїЅпїЅпїЅпїЅпїЅ)
2022-08-06 22:07:02,444 - [DEBUG] - api_logger - (views.py).api_posts_all(23) - пїЅпїЅпїЅпїЅпїЅпїЅпїЅпїЅпїЅ пїЅпїЅпїЅ пїЅпїЅпїЅпїЅпїЅ)
2022-08-06 22:11:45,736 - [DEBUG] - api_logger - (views.py).api_posts_single(35) - пїЅпїЅпїЅпїЅпїЅпїЅпїЅпїЅпїЅ пїЅ пїЅпїЅпїЅпїЅпїЅ 2)
2022-08-06 22:11:53,474 - [DEBUG] - api_logger - (views.py).api_posts_single(33) - пїЅпїЅпїЅпїЅпїЅпїЅпїЅпїЅпїЅ пїЅ пїЅпїЅпїЅпїЅпїЅпїЅпїЅпїЅпїЅпїЅпїЅпїЅпїЅпїЅпїЅ пїЅпїЅпїЅпїЅпїЅ)
2022-08-06 22:44:05,112 - [DEBUG] - api_logger - (views.py).api_posts_single(35) - пїЅпїЅпїЅпїЅпїЅпїЅпїЅпїЅпїЅ пїЅ пїЅпїЅпїЅпїЅпїЅ 1)
2022-08-11 18:23:39,830 - [DEBUG] - api_logger - (views.py).api_posts_all(25) - Запрошены все посты)
2022-08-11 18:32:11,711 - [DEBUG] - api_logger - (views.py).api_posts_single(35) - Обращение к посту 1)
2022-08-11 18:48:40,386 - [DEBUG] - api_logger - (views.py).api_posts_single(35) - Обращение к посту 1)
2022-08-12 20:25:10,680 - [DEBUG] - api_logger - (views.py).api_posts_all(25) - Запрошены все посты)
2022-08-15 12:25:35,481 - [DEBUG] - api_logger - (views.py).api_posts_all(25) - Запрошены все посты)
2022-08-15 12:25:54,556 - [DEBUG] - api_logger - (views.py).api_posts_all(25) - Запрошены все посты)
2022-08-15 12:30:38,549 - [DEBUG] - api_logger - (views.py).api_posts_all(25) - Запрошены все посты)
2022-08-15 12:47:02,807 - [DEBUG] - api_logger - (views.py).api_posts_all(25) - Запрошены все посты)
2022-08-17 11:09:21,600 - [DEBUG] - api_logger - (views.py).api_posts_all(25) - Запрошены все посты)
2022-08-17 11:09:54,772 - [DEBUG] - api_logger - (views.py).api_posts_all(25) - Запрошены все посты)
2022-08-17 11:09:54,779 - [DEBUG] - api_logger - (views.py).api_posts_single(35) - Обращение к посту 1)
2022-08-17 11:12:55,567 - [DEBUG] - api_logger - (views.py).api_posts_all(25) - Запрошены все посты)
2022-08-17 11:12:55,572 - [DEBUG] - api_logger - (views.py).api_posts_single(35) - Обращение к посту 1)
2022-08-17 11:12:55,578 - [DEBUG] - api_logger - (views.py).api_posts_single(35) - Обращение к посту 1)
2022-08-17 11:15:00,557 - [DEBUG] - api_logger - (views.py).api_posts_all(25) - Запрошены все посты)
2022-08-17 11:15:00,562 - [DEBUG] - api_logger - (views.py).api_posts_single(35) - Обращение к посту 1)
2022-08-17 11:15:00,568 - [DEBUG] - api_logger - (views.py).api_posts_single(35) - Обращение к посту 1)
2022-08-17 11:15:00,573 - [DEBUG] - api_logger - (views.py).api_posts_single(33) - Обращение к несуществующему посту)
2022-08-17 11:15:52,705 - [DEBUG] - api_logger - (views.py).api_posts_all(25) - Запрошены все посты)
2022-08-17 11:15:52,716 - [DEBUG] - api_logger - (views.py).api_posts_single(35) - Обращение к посту 1)
2022-08-17 11:15:52,722 - [DEBUG] - api_logger - (views.py).api_posts_single(35) - Обращение к посту 1)
2022-08-17 11:15:52,727 - [DEBUG] - api_logger - (views.py).api_posts_single(33) - Обращение к несуществующему посту)
2022-08-17 11:15:52,735 - [DEBUG] - api_logger - (views.py).api_posts_single(35) - Обращение к посту 1)
2022-08-17 11:17:17,442 - [DEBUG] - api_logger - (views.py).api_posts_all(25) - Запрошены все посты)
2022-08-17 11:17:17,446 - [DEBUG] - api_logger - (views.py).api_posts_single(35) - Обращение к посту 1)
2022-08-17 11:17:17,450 - [DEBUG] - api_logger - (views.py).api_posts_single(35) - Обращение к посту 1)
2022-08-17 11:17:17,454 - [DEBUG] - api_logger - (views.py).api_posts_single(33) - Обращение к несуществующему посту)
2022-08-17 11:17:17,457 - [DEBUG] - api_logger - (views.py).api_posts_single(35) - Обращение к посту 1)
2022-08-17 11:17:58,065 - [DEBUG] - api_logger - (views.py).api_posts_all(25) - Запрошены все посты)
2022-08-17 11:17:58,070 - [DEBUG] - api_logger - (views.py).api_posts_single(35) - Обращение к посту 1)
2022-08-17 11:17:58,075 - [DEBUG] - api_logger - (views.py).api_posts_single(35) - Обращение к посту 1)
2022-08-17 11:17:58,079 - [DEBUG] - api_logger - (views.py).api_posts_single(33) - Обращение к несуществующему посту)
2022-08-17 11:17:58,083 - [DEBUG] - api_logger - (views.py).api_posts_single(35) - Обращение к посту 1)
2022-08-17 11:17:58,088 - [DEBUG] - api_logger - (views.py).api_posts_single(35) - Обращение к посту 1)
2022-08-17 11:17:58,093 - [DEBUG] - api_logger - (views.py).api_posts_single(35) - Обращение к посту 2)
2022-08-17 11:17:58,097 - [DEBUG] - api_logger - (views.py).api_posts_single(35) - Обращение к посту 3)
2022-08-17 11:17:58,103 - [DEBUG] - api_logger - (views.py).api_posts_single(35) - Обращение к посту 4)
